<?xml version="1.0" encoding="UTF-8"?>
<!-- Generated by org.testng.reporters.JUnitReportReporter -->
<testsuite hostname="iDeliver4" name="test.SWN.LoginPageTest" tests="2" failures="0" timestamp="10 Feb 2020 18:04:22 GMT" time="25.415" errors="0">
  <testcase name="LoginTest" time="10.007" classname="test.SWN.LoginPageTest"/>
  <testcase name="ProfileTest" time="15.408" classname="test.SWN.LoginPageTest"/>
</testsuite> <!-- test.SWN.LoginPageTest -->
