<?xml version="1.0" encoding="UTF-8"?>
<!-- Generated by org.testng.reporters.JUnitReportReporter -->
<testsuite hostname="iDeliver20-PC" name="test.SWN.LoginPageTest" tests="2" failures="0" timestamp="12 Feb 2020 12:38:29 GMT" time="25.583" errors="0">
  <testcase name="LoginTest" time="10.551" classname="test.SWN.LoginPageTest"/>
  <testcase name="ProfileTest" time="15.032" classname="test.SWN.LoginPageTest"/>
</testsuite> <!-- test.SWN.LoginPageTest -->
